#
# There is insufficient memory for the Java Runtime Environment to continue.
# Native memory allocation (malloc) failed to allocate 5439488 bytes for committing reserved memory.
# Possible reasons:
#   The system is out of physical RAM or swap space
#   In 32 bit mode, the process size limit was hit
# Possible solutions:
#   Reduce memory load on the system
#   Increase physical memory or swap space
#   Check if swap backing store is full
#   Use 64 bit Java on a 64 bit OS
#   Decrease Java heap size (-Xmx/-Xms)
#   Decrease number of Java threads
#   Decrease Java thread stack sizes (-Xss)
#   Set larger code cache with -XX:ReservedCodeCacheSize=
# This output file may be truncated or incomplete.
#
#  Out of Memory Error (os_linux.cpp:2756), pid=11682, tid=139941031352064
#
# JRE version:  (7.0_80-b15) (build )
# Java VM: Java HotSpot(TM) 64-Bit Server VM (24.80-b11 mixed mode linux-amd64 compressed oops)
# Failed to write core dump. Core dumps have been disabled. To enable core dumping, try "ulimit -c unlimited" before starting Java again
#

---------------  T H R E A D  ---------------

Current thread (0x00007f4688009800):  JavaThread "Unknown thread" [_thread_in_vm, id=11683, stack(0x00007f468f669000,0x00007f468f76a000)]

Stack: [0x00007f468f669000,0x00007f468f76a000],  sp=0x00007f468f7683d0,  free space=1020k
Native frames: (J=compiled Java code, j=interpreted, Vv=VM code, C=native code)
V  [libjvm.so+0x9a320a]  VMError::report_and_die()+0x2ea
V  [libjvm.so+0x498d3b]  report_vm_out_of_memory(char const*, int, unsigned long, char const*)+0x9b
V  [libjvm.so+0x82191e]  os::Linux::commit_memory_impl(char*, unsigned long, bool)+0xfe
V  [libjvm.so+0x821e69]  os::pd_commit_memory(char*, unsigned long, unsigned long, bool)+0x29
V  [libjvm.so+0x81bb6a]  os::commit_memory(char*, unsigned long, unsigned long, bool)+0x2a
V  [libjvm.so+0x99ea19]  VirtualSpace::expand_by(unsigned long, bool)+0x1c9
V  [libjvm.so+0x99eb9d]  VirtualSpace::initialize(ReservedSpace, unsigned long)+0xcd
V  [libjvm.so+0x57a39f]  Generation::Generation(ReservedSpace, unsigned long, int)+0xcf
V  [libjvm.so+0x49f2a8]  DefNewGeneration::DefNewGeneration(ReservedSpace, unsigned long, int, char const*)+0x58
V  [libjvm.so+0x57ba69]  GenerationSpec::init(ReservedSpace, int, GenRemSet*)+0x2c9
V  [libjvm.so+0x56bf84]  GenCollectedHeap::initialize()+0x344
V  [libjvm.so+0x97509a]  Universe::initialize_heap()+0xca
V  [libjvm.so+0x976269]  universe_init()+0x79
V  [libjvm.so+0x5b2f25]  init_globals()+0x65
V  [libjvm.so+0x95db4d]  Threads::create_vm(JavaVMInitArgs*, bool*)+0x1ed
V  [libjvm.so+0x63b2e4]  JNI_CreateJavaVM+0x74
C  [libjli.so+0x2f8e]  JavaMain+0x9e


---------------  P R O C E S S  ---------------

Java Threads: ( => current thread )

Other Threads:

=>0x00007f4688009800 (exited) JavaThread "Unknown thread" [_thread_in_vm, id=11683, stack(0x00007f468f669000,0x00007f468f76a000)]

VM state:not at safepoint (not fully initialized)

VM Mutex/Monitor currently owned by a thread: None

GC Heap History (0 events):
No events

Deoptimization events (0 events):
No events

Internal exceptions (0 events):
No events

Events (0 events):
No events


Dynamic libraries:
00400000-00401000 r-xp 00000000 08:01 398205                             /usr/lib/jvm/java-7-oracle/jre/bin/java
00600000-00601000 rw-p 00000000 08:01 398205                             /usr/lib/jvm/java-7-oracle/jre/bin/java
01b94000-01bb5000 rw-p 00000000 00:00 0                                  [heap]
db330000-100000000 rw-p 00000000 00:00 0 
7f4685000000-7f4685270000 rwxp 00000000 00:00 0 
7f4685270000-7f4688025000 rw-p 00000000 00:00 0 
7f4688025000-7f468c000000 ---p 00000000 00:00 0 
7f468c5ea000-7f468c833000 rw-p 00000000 00:00 0 
7f468c833000-7f468c95c000 rw-p 00000000 00:00 0 
7f468c95c000-7f468c95d000 rw-p 00000000 00:00 0 
7f468c95d000-7f468c974000 r-xp 00000000 08:01 398080                     /usr/lib/jvm/java-7-oracle/jre/lib/amd64/libzip.so
7f468c974000-7f468cb74000 ---p 00017000 08:01 398080                     /usr/lib/jvm/java-7-oracle/jre/lib/amd64/libzip.so
7f468cb74000-7f468cb75000 rw-p 00017000 08:01 398080                     /usr/lib/jvm/java-7-oracle/jre/lib/amd64/libzip.so
7f468cb75000-7f468cb81000 r-xp 00000000 08:01 1187597                    /lib/x86_64-linux-gnu/libnss_files-2.15.so
7f468cb81000-7f468cd80000 ---p 0000c000 08:01 1187597                    /lib/x86_64-linux-gnu/libnss_files-2.15.so
7f468cd80000-7f468cd81000 r--p 0000b000 08:01 1187597                    /lib/x86_64-linux-gnu/libnss_files-2.15.so
7f468cd81000-7f468cd82000 rw-p 0000c000 08:01 1187597                    /lib/x86_64-linux-gnu/libnss_files-2.15.so
7f468cd82000-7f468cd8c000 r-xp 00000000 08:01 1179684                    /lib/x86_64-linux-gnu/libnss_nis-2.15.so
7f468cd8c000-7f468cf8c000 ---p 0000a000 08:01 1179684                    /lib/x86_64-linux-gnu/libnss_nis-2.15.so
7f468cf8c000-7f468cf8d000 r--p 0000a000 08:01 1179684                    /lib/x86_64-linux-gnu/libnss_nis-2.15.so
7f468cf8d000-7f468cf8e000 rw-p 0000b000 08:01 1179684                    /lib/x86_64-linux-gnu/libnss_nis-2.15.so
7f468cf8e000-7f468cfa5000 r-xp 00000000 08:01 1188153                    /lib/x86_64-linux-gnu/libnsl-2.15.so
7f468cfa5000-7f468d1a4000 ---p 00017000 08:01 1188153                    /lib/x86_64-linux-gnu/libnsl-2.15.so
7f468d1a4000-7f468d1a5000 r--p 00016000 08:01 1188153                    /lib/x86_64-linux-gnu/libnsl-2.15.so
7f468d1a5000-7f468d1a6000 rw-p 00017000 08:01 1188153                    /lib/x86_64-linux-gnu/libnsl-2.15.so
7f468d1a6000-7f468d1a8000 rw-p 00000000 00:00 0 
7f468d1a8000-7f468d1b0000 r-xp 00000000 08:01 1188154                    /lib/x86_64-linux-gnu/libnss_compat-2.15.so
7f468d1b0000-7f468d3af000 ---p 00008000 08:01 1188154                    /lib/x86_64-linux-gnu/libnss_compat-2.15.so
7f468d3af000-7f468d3b0000 r--p 00007000 08:01 1188154                    /lib/x86_64-linux-gnu/libnss_compat-2.15.so
7f468d3b0000-7f468d3b1000 rw-p 00008000 08:01 1188154                    /lib/x86_64-linux-gnu/libnss_compat-2.15.so
7f468d3b1000-7f468d3da000 r-xp 00000000 08:01 398042                     /usr/lib/jvm/java-7-oracle/jre/lib/amd64/libjava.so
7f468d3da000-7f468d5da000 ---p 00029000 08:01 398042                     /usr/lib/jvm/java-7-oracle/jre/lib/amd64/libjava.so
7f468d5da000-7f468d5dc000 rw-p 00029000 08:01 398042                     /usr/lib/jvm/java-7-oracle/jre/lib/amd64/libjava.so
7f468d5dc000-7f468d5e9000 r-xp 00000000 08:01 398079                     /usr/lib/jvm/java-7-oracle/jre/lib/amd64/libverify.so
7f468d5e9000-7f468d7e8000 ---p 0000d000 08:01 398079                     /usr/lib/jvm/java-7-oracle/jre/lib/amd64/libverify.so
7f468d7e8000-7f468d7ea000 rw-p 0000c000 08:01 398079                     /usr/lib/jvm/java-7-oracle/jre/lib/amd64/libverify.so
7f468d7ea000-7f468d7f1000 r-xp 00000000 08:01 1187601                    /lib/x86_64-linux-gnu/librt-2.15.so
7f468d7f1000-7f468d9f0000 ---p 00007000 08:01 1187601                    /lib/x86_64-linux-gnu/librt-2.15.so
7f468d9f0000-7f468d9f1000 r--p 00006000 08:01 1187601                    /lib/x86_64-linux-gnu/librt-2.15.so
7f468d9f1000-7f468d9f2000 rw-p 00007000 08:01 1187601                    /lib/x86_64-linux-gnu/librt-2.15.so
7f468d9f2000-7f468daed000 r-xp 00000000 08:01 1187562                    /lib/x86_64-linux-gnu/libm-2.15.so
7f468daed000-7f468dcec000 ---p 000fb000 08:01 1187562                    /lib/x86_64-linux-gnu/libm-2.15.so
7f468dcec000-7f468dced000 r--p 000fa000 08:01 1187562                    /lib/x86_64-linux-gnu/libm-2.15.so
7f468dced000-7f468dcee000 rw-p 000fb000 08:01 1187562                    /lib/x86_64-linux-gnu/libm-2.15.so
7f468dcee000-7f468e864000 r-xp 00000000 08:01 398082                     /usr/lib/jvm/java-7-oracle/jre/lib/amd64/server/libjvm.so
7f468e864000-7f468ea63000 ---p 00b76000 08:01 398082                     /usr/lib/jvm/java-7-oracle/jre/lib/amd64/server/libjvm.so
7f468ea63000-7f468eb27000 rw-p 00b75000 08:01 398082                     /usr/lib/jvm/java-7-oracle/jre/lib/amd64/server/libjvm.so
7f468eb27000-7f468eb68000 rw-p 00000000 00:00 0 
7f468eb68000-7f468ed1c000 r-xp 00000000 08:01 1188152                    /lib/x86_64-linux-gnu/libc-2.15.so
7f468ed1c000-7f468ef1b000 ---p 001b4000 08:01 1188152                    /lib/x86_64-linux-gnu/libc-2.15.so
7f468ef1b000-7f468ef1f000 r--p 001b3000 08:01 1188152                    /lib/x86_64-linux-gnu/libc-2.15.so
7f468ef1f000-7f468ef21000 rw-p 001b7000 08:01 1188152                    /lib/x86_64-linux-gnu/libc-2.15.so
7f468ef21000-7f468ef26000 rw-p 00000000 00:00 0 
7f468ef26000-7f468ef28000 r-xp 00000000 08:01 1188156                    /lib/x86_64-linux-gnu/libdl-2.15.so
7f468ef28000-7f468f128000 ---p 00002000 08:01 1188156                    /lib/x86_64-linux-gnu/libdl-2.15.so
7f468f128000-7f468f129000 r--p 00002000 08:01 1188156                    /lib/x86_64-linux-gnu/libdl-2.15.so
7f468f129000-7f468f12a000 rw-p 00003000 08:01 1188156                    /lib/x86_64-linux-gnu/libdl-2.15.so
7f468f12a000-7f468f13f000 r-xp 00000000 08:01 398076                     /usr/lib/jvm/java-7-oracle/jre/lib/amd64/jli/libjli.so
7f468f13f000-7f468f33e000 ---p 00015000 08:01 398076                     /usr/lib/jvm/java-7-oracle/jre/lib/amd64/jli/libjli.so
7f468f33e000-7f468f33f000 rw-p 00014000 08:01 398076                     /usr/lib/jvm/java-7-oracle/jre/lib/amd64/jli/libjli.so
7f468f33f000-7f468f357000 r-xp 00000000 08:01 1187596                    /lib/x86_64-linux-gnu/libpthread-2.15.so
7f468f357000-7f468f556000 ---p 00018000 08:01 1187596                    /lib/x86_64-linux-gnu/libpthread-2.15.so
7f468f556000-7f468f557000 r--p 00017000 08:01 1187596                    /lib/x86_64-linux-gnu/libpthread-2.15.so
7f468f557000-7f468f558000 rw-p 00018000 08:01 1187596                    /lib/x86_64-linux-gnu/libpthread-2.15.so
7f468f558000-7f468f55c000 rw-p 00000000 00:00 0 
7f468f55c000-7f468f57e000 r-xp 00000000 08:01 1187600                    /lib/x86_64-linux-gnu/ld-2.15.so
7f468f5a9000-7f468f5b3000 rw-p 00000000 00:00 0 
7f468f5b3000-7f468f669000 rw-p 00000000 00:00 0 
7f468f669000-7f468f66c000 ---p 00000000 00:00 0 
7f468f66c000-7f468f76e000 rw-p 00000000 00:00 0 
7f468f770000-7f468f772000 rw-p 00000000 00:00 0 
7f468f772000-7f468f77a000 rw-s 00000000 08:01 1578431                    /tmp/hsperfdata_chihsuan/11682
7f468f77a000-7f468f77b000 rw-p 00000000 00:00 0 
7f468f77b000-7f468f77c000 r--p 00000000 00:00 0 
7f468f77c000-7f468f77e000 rw-p 00000000 00:00 0 
7f468f77e000-7f468f77f000 r--p 00022000 08:01 1187600                    /lib/x86_64-linux-gnu/ld-2.15.so
7f468f77f000-7f468f781000 rw-p 00023000 08:01 1187600                    /lib/x86_64-linux-gnu/ld-2.15.so
7fff9d96d000-7fff9d98e000 rw-p 00000000 00:00 0                          [stack]
7fff9d9ff000-7fff9da00000 r-xp 00000000 00:00 0                          [vdso]
ffffffffff600000-ffffffffff601000 r-xp 00000000 00:00 0                  [vsyscall]

VM Arguments:
jvm_args: -Xmx512M 
java_command: ../grib2json-0.8.0-SNAPSHOT/bin/../lib/grib2json-0.8.0-SNAPSHOT.jar -d -n -o ./data/weather/current/current-relative_humidity-isobaric-250hPa-gfs-1.0.json tmp.grib2
Launcher Type: SUN_STANDARD

Environment Variables:
PATH=/usr/bin:/bin
SHELL=/bin/bash

Signal Handlers:
SIGSEGV: [libjvm.so+0x9a3b20], sa_mask[0]=0x7ffbfeff, sa_flags=0x10000004
SIGBUS: [libjvm.so+0x9a3b20], sa_mask[0]=0x7ffbfeff, sa_flags=0x10000004
SIGFPE: [libjvm.so+0x81e740], sa_mask[0]=0x7ffbfeff, sa_flags=0x10000004
SIGPIPE: [libjvm.so+0x81e740], sa_mask[0]=0x7ffbfeff, sa_flags=0x10000004
SIGXFSZ: [libjvm.so+0x81e740], sa_mask[0]=0x7ffbfeff, sa_flags=0x10000004
SIGILL: [libjvm.so+0x81e740], sa_mask[0]=0x7ffbfeff, sa_flags=0x10000004
SIGUSR1: SIG_DFL, sa_mask[0]=0x00000000, sa_flags=0x00000000
SIGUSR2: [libjvm.so+0x81ffb0], sa_mask[0]=0x00000000, sa_flags=0x10000004
SIGHUP: SIG_DFL, sa_mask[0]=0x00000000, sa_flags=0x00000000
SIGINT: SIG_DFL, sa_mask[0]=0x00000000, sa_flags=0x00000000
SIGTERM: SIG_DFL, sa_mask[0]=0x00000000, sa_flags=0x00000000
SIGQUIT: SIG_DFL, sa_mask[0]=0x00000000, sa_flags=0x00000000


---------------  S Y S T E M  ---------------

OS:wheezy/sid

uname:Linux 3.2.0-29-generic #46-Ubuntu SMP Fri Jul 27 17:03:23 UTC 2012 x86_64
libc:glibc 2.15 NPTL 2.15 
rlimit: STACK 8192k, CORE 0k, NPROC 7799, NOFILE 4096, AS infinity
load average:1.03 0.53 0.30

/proc/meminfo:
MemTotal:        1015948 kB
MemFree:           49036 kB
Buffers:             112 kB
Cached:            13508 kB
SwapCached:            0 kB
Active:           897300 kB
Inactive:           9944 kB
Active(anon):     893720 kB
Inactive(anon):      216 kB
Active(file):       3580 kB
Inactive(file):     9728 kB
Unevictable:           0 kB
Mlocked:               0 kB
SwapTotal:             0 kB
SwapFree:              0 kB
Dirty:                 0 kB
Writeback:            12 kB
AnonPages:        893744 kB
Mapped:             6288 kB
Shmem:               272 kB
Slab:              26844 kB
SReclaimable:      10804 kB
SUnreclaim:        16040 kB
KernelStack:        1640 kB
PageTables:         9068 kB
NFS_Unstable:          0 kB
Bounce:                0 kB
WritebackTmp:          0 kB
CommitLimit:      507972 kB
Committed_AS:    1034064 kB
VmallocTotal:   34359738367 kB
VmallocUsed:      142680 kB
VmallocChunk:   34359593588 kB
HardwareCorrupted:     0 kB
AnonHugePages:         0 kB
HugePages_Total:       0
HugePages_Free:        0
HugePages_Rsvd:        0
HugePages_Surp:        0
Hugepagesize:       2048 kB
DirectMap4k:       53248 kB
DirectMap2M:      995328 kB


CPU:total 1 (1 cores per cpu, 1 threads per core) family 6 model 37 stepping 1, cmov, cx8, fxsr, mmx, sse, sse2, sse3, ssse3, sse4.1, sse4.2, popcnt, aes, tsc, tscinvbit

/proc/cpuinfo:
processor	: 0
vendor_id	: GenuineIntel
cpu family	: 6
model		: 37
model name	: Intel(R) Xeon(R) CPU E5-2665 0 @ 2.40GHz
stepping	: 1
microcode	: 0x710
cpu MHz		: 2400.000
cache size	: 20480 KB
fpu		: yes
fpu_exception	: yes
cpuid level	: 11
wp		: yes
flags		: fpu vme de pse tsc msr pae mce cx8 apic sep mtrr pge mca cmov pat pse36 clflush dts mmx fxsr sse sse2 ss syscall nx rdtscp lm constant_tsc up arch_perfmon pebs bts nopl xtopology tsc_reliable nonstop_tsc aperfmperf pni pclmulqdq ssse3 cx16 sse4_1 sse4_2 popcnt aes hypervisor lahf_lm ida arat epb pln pts dtherm
bogomips	: 4800.00
clflush size	: 64
cache_alignment	: 64
address sizes	: 40 bits physical, 48 bits virtual
power management:



Memory: 4k page, physical 1015948k(49036k free), swap 0k(0k free)

vm_info: Java HotSpot(TM) 64-Bit Server VM (24.80-b11) for linux-amd64 JRE (1.7.0_80-b15), built on Apr 10 2015 19:53:14 by "java_re" with gcc 4.3.0 20080428 (Red Hat 4.3.0-8)

time: Thu Sep 29 12:10:47 2016
elapsed time: 0 seconds

